# JRE version: OpenJDK Runtime Environment (17.0.6) (build 17.0.6+0-b2043.56-10027231)
# Java VM: OpenJDK 64-Bit Server VM (17.0.6+0-b2043.56-10027231, mixed mode, tiered, compressed oops, compressed class ptrs, g1 gc, windows-amd64)
GC Precious Log:
 CPUs: 4 total, 4 available
 Memory: 10177M
 Large Page Support: Disabled
 NUMA Support: Disabled
 Compressed Oops: Enabled (32-bit)
 Heap Region Size: 1M
 Heap Min Capacity: 8M
 Heap Initial Capacity: 160M
 Heap Max Capacity: 2G
 Pre-touch: Disabled
 Parallel Workers: 4
 Concurrent Workers: 1
 Concurrent Refinement Workers: 4
 Periodic GC: Disabled
Heap:
 garbage-first heap   total 249856K, used 84272K [0x0000000080000000, 0x0000000100000000)
  region size 1024K, 13 young (13312K), 5 survivors (5120K)
 Metaspace       used 51855K, committed 52352K, reserved 1097728K
  class space    used 6876K, committed 7104K, reserved 1048576K
GC Heap History (20 events):
Event: 66.138 GC heap before
{Heap before GC invocations=69 (full 0):
 garbage-first heap   total 148480K, used 127872K [0x0000000080000000, 0x0000000100000000)
  region size 1024K, 58 young (59392K), 1 survivors (1024K)
 Metaspace       used 51844K, committed 52352K, reserved 1097728K
  class space    used 6874K, committed 7104K, reserved 1048576K
}
Event: 66.141 GC heap after
{Heap after GC invocations=70 (full 0):
 garbage-first heap   total 148480K, used 70732K [0x0000000080000000, 0x0000000100000000)
  region size 1024K, 1 young (1024K), 1 survivors (1024K)
 Metaspace       used 51844K, committed 52352K, reserved 1097728K
  class space    used 6874K, committed 7104K, reserved 1048576K
}
Event: 69.344 GC heap before
{Heap before GC invocations=71 (full 0):
 garbage-first heap   total 148480K, used 129100K [0x0000000080000000, 0x0000000100000000)
  region size 1024K, 58 young (59392K), 1 survivors (1024K)
 Metaspace       used 51844K, committed 52352K, reserved 1097728K
  class space    used 6874K, committed 7104K, reserved 1048576K
}
Event: 69.347 GC heap after
{Heap after GC invocations=72 (full 0):
 garbage-first heap   total 148480K, used 71097K [0x0000000080000000, 0x0000000100000000)
  region size 1024K, 1 young (1024K), 1 survivors (1024K)
 Metaspace       used 51844K, committed 52352K, reserved 1097728K
  class space    used 6874K, committed 7104K, reserved 1048576K
}
Event: 69.427 GC heap before
{Heap before GC invocations=72 (full 0):
 garbage-first heap   total 148480K, used 77241K [0x0000000080000000, 0x0000000100000000)
  region size 1024K, 7 young (7168K), 1 survivors (1024K)
 Metaspace       used 51844K, committed 52352K, reserved 1097728K
  class space    used 6874K, committed 7104K, reserved 1048576K
}
Event: 69.429 GC heap after
{Heap after GC invocations=73 (full 0):
 garbage-first heap   total 148480K, used 70466K [0x0000000080000000, 0x0000000100000000)
  region size 1024K, 1 young (1024K), 1 survivors (1024K)
 Metaspace       used 51844K, committed 52352K, reserved 1097728K
  class space    used 6874K, committed 7104K, reserved 1048576K
}
Event: 70.855 GC heap before
{Heap before GC invocations=73 (full 0):
 garbage-first heap   total 148480K, used 128834K [0x0000000080000000, 0x0000000100000000)
  region size 1024K, 58 young (59392K), 1 survivors (1024K)
 Metaspace       used 51844K, committed 52352K, reserved 1097728K
  class space    used 6874K, committed 7104K, reserved 1048576K
}
Event: 70.860 GC heap after
{Heap after GC invocations=74 (full 0):
 garbage-first heap   total 278528K, used 70703K [0x0000000080000000, 0x0000000100000000)
  region size 1024K, 1 young (1024K), 1 survivors (1024K)
 Metaspace       used 51844K, committed 52352K, reserved 1097728K
  class space    used 6874K, committed 7104K, reserved 1048576K
}
Event: 75.032 GC heap before
{Heap before GC invocations=74 (full 0):
 garbage-first heap   total 278528K, used 162863K [0x0000000080000000, 0x0000000100000000)
  region size 1024K, 92 young (94208K), 1 survivors (1024K)
 Metaspace       used 51845K, committed 52352K, reserved 1097728K
  class space    used 6874K, committed 7104K, reserved 1048576K
}
Event: 75.043 GC heap after
{Heap after GC invocations=75 (full 0):
 garbage-first heap   total 278528K, used 71468K [0x0000000080000000, 0x0000000100000000)
  region size 1024K, 2 young (2048K), 2 survivors (2048K)
 Metaspace       used 51845K, committed 52352K, reserved 1097728K
  class space    used 6874K, committed 7104K, reserved 1048576K
}
Event: 82.700 GC heap before
{Heap before GC invocations=76 (full 0):
 garbage-first heap   total 249856K, used 218924K [0x0000000080000000, 0x0000000100000000)
  region size 1024K, 146 young (149504K), 2 survivors (2048K)
 Metaspace       used 51852K, committed 52352K, reserved 1097728K
  class space    used 6875K, committed 7104K, reserved 1048576K
}
Event: 82.710 GC heap after
{Heap after GC invocations=77 (full 0):
 garbage-first heap   total 249856K, used 72779K [0x0000000080000000, 0x0000000100000000)
  region size 1024K, 3 young (3072K), 3 survivors (3072K)
 Metaspace       used 51852K, committed 52352K, reserved 1097728K
  class space    used 6875K, committed 7104K, reserved 1048576K
}
Event: 82.916 GC heap before
{Heap before GC invocations=77 (full 0):
 garbage-first heap   total 249856K, used 81995K [0x0000000080000000, 0x0000000100000000)
  region size 1024K, 12 young (12288K), 3 survivors (3072K)
 Metaspace       used 51852K, committed 52352K, reserved 1097728K
  class space    used 6875K, committed 7104K, reserved 1048576K
}
Event: 82.923 GC heap after
{Heap after GC invocations=78 (full 0):
 garbage-first heap   total 249856K, used 72883K [0x0000000080000000, 0x0000000100000000)
  region size 1024K, 1 young (1024K), 1 survivors (1024K)
 Metaspace       used 51852K, committed 52352K, reserved 1097728K
  class space    used 6875K, committed 7104K, reserved 1048576K
}
Event: 85.578 GC heap before
{Heap before GC invocations=78 (full 0):
 garbage-first heap   total 249856K, used 218291K [0x0000000080000000, 0x0000000100000000)
  region size 1024K, 143 young (146432K), 1 survivors (1024K)
 Metaspace       used 51852K, committed 52352K, reserved 1097728K
  class space    used 6876K, committed 7104K, reserved 1048576K
}
Event: 85.582 GC heap after
{Heap after GC invocations=79 (full 0):
 garbage-first heap   total 249856K, used 74199K [0x0000000080000000, 0x0000000100000000)
  region size 1024K, 2 young (2048K), 2 survivors (2048K)
 Metaspace       used 51852K, committed 52352K, reserved 1097728K
  class space    used 6876K, committed 7104K, reserved 1048576K
}
Event: 87.295 GC heap before
{Heap before GC invocations=79 (full 0):
 garbage-first heap   total 249856K, used 218583K [0x0000000080000000, 0x0000000100000000)
  region size 1024K, 143 young (146432K), 2 survivors (2048K)
 Metaspace       used 51853K, committed 52352K, reserved 1097728K
  class space    used 6876K, committed 7104K, reserved 1048576K
}
Event: 87.300 GC heap after
{Heap after GC invocations=80 (full 0):
 garbage-first heap   total 249856K, used 75588K [0x0000000080000000, 0x0000000100000000)
  region size 1024K, 3 young (3072K), 3 survivors (3072K)
 Metaspace       used 51853K, committed 52352K, reserved 1097728K
  class space    used 6876K, committed 7104K, reserved 1048576K
}
Event: 88.740 GC heap before
{Heap before GC invocations=80 (full 0):
 garbage-first heap   total 249856K, used 218948K [0x0000000080000000, 0x0000000100000000)
  region size 1024K, 143 young (146432K), 3 survivors (3072K)
 Metaspace       used 51855K, committed 52352K, reserved 1097728K
  class space    used 6876K, committed 7104K, reserved 1048576K
}
Event: 88.746 GC heap after
{Heap after GC invocations=81 (full 0):
 garbage-first heap   total 249856K, used 77104K [0x0000000080000000, 0x0000000100000000)
  region size 1024K, 5 young (5120K), 5 survivors (5120K)
 Metaspace       used 51855K, committed 52352K, reserved 1097728K
  class space    used 6876K, committed 7104K, reserved 1048576K
}

