# JRE version: OpenJDK Runtime Environment (17.0.6) (build 17.0.6+0-b2043.56-10027231)
# Java VM: OpenJDK 64-Bit Server VM (17.0.6+0-b2043.56-10027231, mixed mode, tiered, compressed oops, compressed class ptrs, g1 gc, windows-amd64)
GC Precious Log:
 CPUs: 4 total, 4 available
 Memory: 10177M
 Large Page Support: Disabled
 NUMA Support: Disabled
 Compressed Oops: Enabled (32-bit)
 Heap Region Size: 1M
 Heap Min Capacity: 8M
 Heap Initial Capacity: 160M
 Heap Max Capacity: 2G
 Pre-touch: Disabled
 Parallel Workers: 4
 Concurrent Workers: 1
 Concurrent Refinement Workers: 4
 Periodic GC: Disabled
Heap:
 garbage-first heap   total 618496K, used 323830K [0x0000000080000000, 0x0000000100000000)
  region size 1024K, 13 young (13312K), 13 survivors (13312K)
 Metaspace       used 234301K, committed 235840K, reserved 1261568K
  class space    used 29278K, committed 30272K, reserved 1048576K
GC Heap History (20 events):
Event: 2718.430 GC heap after
{Heap after GC invocations=98 (full 0):
 garbage-first heap   total 587776K, used 276225K [0x0000000080000000, 0x0000000100000000)
  region size 1024K, 3 young (3072K), 3 survivors (3072K)
 Metaspace       used 226539K, committed 227904K, reserved 1253376K
  class space    used 28803K, committed 29504K, reserved 1048576K
}
Event: 2719.840 GC heap before
{Heap before GC invocations=98 (full 0):
 garbage-first heap   total 587776K, used 310017K [0x0000000080000000, 0x0000000100000000)
  region size 1024K, 38 young (38912K), 3 survivors (3072K)
 Metaspace       used 227385K, committed 228800K, reserved 1253376K
  class space    used 28872K, committed 29632K, reserved 1048576K
}
Event: 2719.853 GC heap after
{Heap after GC invocations=99 (full 0):
 garbage-first heap   total 587776K, used 282881K [0x0000000080000000, 0x0000000100000000)
  region size 1024K, 9 young (9216K), 9 survivors (9216K)
 Metaspace       used 227385K, committed 228800K, reserved 1253376K
  class space    used 28872K, committed 29632K, reserved 1048576K
}
Event: 4898.308 GC heap before
{Heap before GC invocations=100 (full 0):
 garbage-first heap   total 587776K, used 470273K [0x0000000080000000, 0x0000000100000000)
  region size 1024K, 182 young (186368K), 9 survivors (9216K)
 Metaspace       used 233747K, committed 235264K, reserved 1261568K
  class space    used 29504K, committed 30272K, reserved 1048576K
}
Event: 4898.347 GC heap after
{Heap after GC invocations=101 (full 0):
 garbage-first heap   total 587776K, used 303920K [0x0000000080000000, 0x0000000100000000)
  region size 1024K, 23 young (23552K), 23 survivors (23552K)
 Metaspace       used 233747K, committed 235264K, reserved 1261568K
  class space    used 29504K, committed 30272K, reserved 1048576K
}
Event: 4898.377 GC heap before
{Heap before GC invocations=101 (full 0):
 garbage-first heap   total 587776K, used 309040K [0x0000000080000000, 0x0000000100000000)
  region size 1024K, 28 young (28672K), 23 survivors (23552K)
 Metaspace       used 233747K, committed 235264K, reserved 1261568K
  class space    used 29504K, committed 30272K, reserved 1048576K
}
Event: 4898.423 GC heap after
{Heap after GC invocations=102 (full 0):
 garbage-first heap   total 587776K, used 299858K [0x0000000080000000, 0x0000000100000000)
  region size 1024K, 3 young (3072K), 3 survivors (3072K)
 Metaspace       used 233747K, committed 235264K, reserved 1261568K
  class space    used 29504K, committed 30272K, reserved 1048576K
}
Event: 4898.805 GC heap before
{Heap before GC invocations=102 (full 0):
 garbage-first heap   total 587776K, used 347986K [0x0000000080000000, 0x0000000100000000)
  region size 1024K, 51 young (52224K), 3 survivors (3072K)
 Metaspace       used 233855K, committed 235456K, reserved 1261568K
  class space    used 29514K, committed 30336K, reserved 1048576K
}
Event: 4898.826 GC heap after
{Heap after GC invocations=103 (full 0):
 garbage-first heap   total 587776K, used 312443K [0x0000000080000000, 0x0000000100000000)
  region size 1024K, 16 young (16384K), 16 survivors (16384K)
 Metaspace       used 233855K, committed 235456K, reserved 1261568K
  class space    used 29514K, committed 30336K, reserved 1048576K
}
Event: 4901.343 GC heap before
{Heap before GC invocations=104 (full 0):
 garbage-first heap   total 618496K, used 460923K [0x0000000080000000, 0x0000000100000000)
  region size 1024K, 154 young (157696K), 16 survivors (16384K)
 Metaspace       used 232333K, committed 235072K, reserved 1261568K
  class space    used 29104K, committed 30272K, reserved 1048576K
}
Event: 4901.411 GC heap after
{Heap after GC invocations=105 (full 0):
 garbage-first heap   total 618496K, used 336384K [0x0000000080000000, 0x0000000100000000)
  region size 1024K, 18 young (18432K), 18 survivors (18432K)
 Metaspace       used 232333K, committed 235072K, reserved 1261568K
  class space    used 29104K, committed 30272K, reserved 1048576K
}
Event: 4901.866 GC heap before
{Heap before GC invocations=105 (full 0):
 garbage-first heap   total 618496K, used 348672K [0x0000000080000000, 0x0000000100000000)
  region size 1024K, 30 young (30720K), 18 survivors (18432K)
 Metaspace       used 232628K, committed 235072K, reserved 1261568K
  class space    used 29116K, committed 30272K, reserved 1048576K
}
Event: 4901.927 GC heap after
{Heap after GC invocations=106 (full 0):
 garbage-first heap   total 618496K, used 304640K [0x0000000080000000, 0x0000000100000000)
  region size 1024K, 2 young (2048K), 2 survivors (2048K)
 Metaspace       used 232628K, committed 235072K, reserved 1261568K
  class space    used 29116K, committed 30272K, reserved 1048576K
}
Event: 6557.348 GC heap before
{Heap before GC invocations=106 (full 0):
 garbage-first heap   total 618496K, used 467456K [0x0000000080000000, 0x0000000100000000)
  region size 1024K, 161 young (164864K), 2 survivors (2048K)
 Metaspace       used 233359K, committed 235136K, reserved 1261568K
  class space    used 29246K, committed 30272K, reserved 1048576K
}
Event: 6557.393 GC heap after
{Heap after GC invocations=107 (full 0):
 garbage-first heap   total 618496K, used 309760K [0x0000000080000000, 0x0000000100000000)
  region size 1024K, 7 young (7168K), 7 survivors (7168K)
 Metaspace       used 233359K, committed 235136K, reserved 1261568K
  class space    used 29246K, committed 30272K, reserved 1048576K
}
Event: 6594.724 GC heap before
{Heap before GC invocations=108 (full 0):
 garbage-first heap   total 618496K, used 478720K [0x0000000080000000, 0x0000000100000000)
  region size 1024K, 171 young (175104K), 7 survivors (7168K)
 Metaspace       used 233663K, committed 235264K, reserved 1261568K
  class space    used 29260K, committed 30272K, reserved 1048576K
}
Event: 6594.749 GC heap after
{Heap after GC invocations=109 (full 0):
 garbage-first heap   total 618496K, used 317852K [0x0000000080000000, 0x0000000100000000)
  region size 1024K, 15 young (15360K), 15 survivors (15360K)
 Metaspace       used 233663K, committed 235264K, reserved 1261568K
  class space    used 29260K, committed 30272K, reserved 1048576K
}
Event: 6594.771 GC heap before
{Heap before GC invocations=109 (full 0):
 garbage-first heap   total 618496K, used 333212K [0x0000000080000000, 0x0000000100000000)
  region size 1024K, 30 young (30720K), 15 survivors (15360K)
 Metaspace       used 233663K, committed 235264K, reserved 1261568K
  class space    used 29260K, committed 30272K, reserved 1048576K
}
Event: 6594.875 GC heap after
{Heap after GC invocations=110 (full 0):
 garbage-first heap   total 618496K, used 314187K [0x0000000080000000, 0x0000000100000000)
  region size 1024K, 3 young (3072K), 3 survivors (3072K)
 Metaspace       used 233663K, committed 235264K, reserved 1261568K
  class space    used 29260K, committed 30272K, reserved 1048576K
}
Event: 6662.418 GC heap before
{Heap before GC invocations=110 (full 0):
 garbage-first heap   total 618496K, used 486219K [0x0000000080000000, 0x0000000100000000)
  region size 1024K, 171 young (175104K), 3 survivors (3072K)
 Metaspace       used 234301K, committed 235840K, reserved 1261568K
  class space    used 29278K, committed 30272K, reserved 1048576K
}

